mode: set
github.com/Urealaden/log-sage-temp/cmd/logsage/analyze.go:13.37,22.55 5 1
github.com/Urealaden/log-sage-temp/cmd/logsage/analyze.go:22.55,23.17 1 1
github.com/Urealaden/log-sage-temp/cmd/logsage/analyze.go:23.17,24.22 1 1
github.com/Urealaden/log-sage-temp/cmd/logsage/analyze.go:24.22,26.6 1 1
github.com/Urealaden/log-sage-temp/cmd/logsage/analyze.go:27.5,27.15 1 1
github.com/Urealaden/log-sage-temp/cmd/logsage/analyze.go:29.4,29.40 1 1
github.com/Urealaden/log-sage-temp/cmd/logsage/analyze.go:31.61,32.23 1 1
github.com/Urealaden/log-sage-temp/cmd/logsage/analyze.go:32.23,34.5 1 1
github.com/Urealaden/log-sage-temp/cmd/logsage/analyze.go:36.4,37.17 2 1
github.com/Urealaden/log-sage-temp/cmd/logsage/analyze.go:37.17,39.5 1 1
github.com/Urealaden/log-sage-temp/cmd/logsage/analyze.go:39.10,41.19 2 1
github.com/Urealaden/log-sage-temp/cmd/logsage/analyze.go:41.19,43.6 1 1
github.com/Urealaden/log-sage-temp/cmd/logsage/analyze.go:44.5,44.18 1 1
github.com/Urealaden/log-sage-temp/cmd/logsage/analyze.go:44.18,46.39 2 1
github.com/Urealaden/log-sage-temp/cmd/logsage/analyze.go:46.39,48.7 1 0
github.com/Urealaden/log-sage-temp/cmd/logsage/analyze.go:50.5,50.18 1 1
github.com/Urealaden/log-sage-temp/cmd/logsage/analyze.go:53.4,56.18 2 1
github.com/Urealaden/log-sage-temp/cmd/logsage/analyze.go:56.18,58.5 1 1
github.com/Urealaden/log-sage-temp/cmd/logsage/analyze.go:59.4,59.16 1 1
github.com/Urealaden/log-sage-temp/cmd/logsage/analyze.go:59.16,61.5 1 1
github.com/Urealaden/log-sage-temp/cmd/logsage/analyze.go:62.4,62.48 1 1
github.com/Urealaden/log-sage-temp/cmd/logsage/analyze.go:62.48,71.5 2 1
github.com/Urealaden/log-sage-temp/cmd/logsage/analyze.go:73.4,73.11 1 1
github.com/Urealaden/log-sage-temp/cmd/logsage/analyze.go:74.16,75.48 1 1
github.com/Urealaden/log-sage-temp/cmd/logsage/analyze.go:76.15,77.49 1 1
github.com/Urealaden/log-sage-temp/cmd/logsage/analyze.go:78.12,79.50 1 1
github.com/Urealaden/log-sage-temp/cmd/logsage/analyze.go:84.2,89.12 5 1
github.com/Urealaden/log-sage-temp/cmd/logsage/ci.go:12.32,21.61 4 1
github.com/Urealaden/log-sage-temp/cmd/logsage/ci.go:21.61,22.23 1 1
github.com/Urealaden/log-sage-temp/cmd/logsage/ci.go:22.23,24.5 1 0
github.com/Urealaden/log-sage-temp/cmd/logsage/ci.go:26.4,27.18 2 1
github.com/Urealaden/log-sage-temp/cmd/logsage/ci.go:27.18,29.5 1 1
github.com/Urealaden/log-sage-temp/cmd/logsage/ci.go:30.4,30.17 1 1
github.com/Urealaden/log-sage-temp/cmd/logsage/ci.go:30.17,32.38 2 1
github.com/Urealaden/log-sage-temp/cmd/logsage/ci.go:32.38,34.6 1 0
github.com/Urealaden/log-sage-temp/cmd/logsage/ci.go:37.4,41.18 2 1
github.com/Urealaden/log-sage-temp/cmd/logsage/ci.go:41.18,43.5 1 0
github.com/Urealaden/log-sage-temp/cmd/logsage/ci.go:44.4,44.16 1 1
github.com/Urealaden/log-sage-temp/cmd/logsage/ci.go:44.16,46.5 1 0
github.com/Urealaden/log-sage-temp/cmd/logsage/ci.go:47.4,47.48 1 1
github.com/Urealaden/log-sage-temp/cmd/logsage/ci.go:47.48,56.5 2 1
github.com/Urealaden/log-sage-temp/cmd/logsage/ci.go:58.4,58.11 1 1
github.com/Urealaden/log-sage-temp/cmd/logsage/ci.go:59.16,60.48 1 1
github.com/Urealaden/log-sage-temp/cmd/logsage/ci.go:61.15,62.49 1 1
github.com/Urealaden/log-sage-temp/cmd/logsage/ci.go:63.12,64.50 1 1
github.com/Urealaden/log-sage-temp/cmd/logsage/ci.go:69.2,73.12 4 1
github.com/Urealaden/log-sage-temp/cmd/logsage/k8s.go:10.33,19.2 3 1
github.com/Urealaden/log-sage-temp/cmd/logsage/k8s.go:21.36,23.2 1 1
github.com/Urealaden/log-sage-temp/cmd/logsage/k8s.go:25.72,32.55 2 1
github.com/Urealaden/log-sage-temp/cmd/logsage/k8s.go:32.55,34.18 2 1
github.com/Urealaden/log-sage-temp/cmd/logsage/k8s.go:34.18,36.5 1 1
github.com/Urealaden/log-sage-temp/cmd/logsage/k8s.go:38.4,46.18 2 1
github.com/Urealaden/log-sage-temp/cmd/logsage/k8s.go:46.18,48.5 1 0
github.com/Urealaden/log-sage-temp/cmd/logsage/k8s.go:50.4,50.49 1 1
github.com/Urealaden/log-sage-temp/cmd/logsage/k8s.go:54.2,56.12 2 1
github.com/Urealaden/log-sage-temp/cmd/logsage/main.go:14.13,16.2 1 1
github.com/Urealaden/log-sage-temp/cmd/logsage/main.go:18.16,19.47 1 1
github.com/Urealaden/log-sage-temp/cmd/logsage/main.go:19.47,22.3 2 1
github.com/Urealaden/log-sage-temp/cmd/logsage/main.go:24.2,24.10 1 1
github.com/Urealaden/log-sage-temp/cmd/logsage/main.go:27.34,36.55 2 1
github.com/Urealaden/log-sage-temp/cmd/logsage/main.go:36.55,37.19 1 1
github.com/Urealaden/log-sage-temp/cmd/logsage/main.go:37.19,38.75 1 0
github.com/Urealaden/log-sage-temp/cmd/logsage/main.go:38.75,40.6 1 0
github.com/Urealaden/log-sage-temp/cmd/logsage/main.go:41.5,41.15 1 0
github.com/Urealaden/log-sage-temp/cmd/logsage/main.go:44.4,44.21 1 1
github.com/Urealaden/log-sage-temp/cmd/logsage/main.go:48.2,54.16 6 1
github.com/Urealaden/log-sage-temp/cmd/logsage/main.go:57.37,61.55 1 1
github.com/Urealaden/log-sage-temp/cmd/logsage/main.go:61.55,62.70 1 1
github.com/Urealaden/log-sage-temp/cmd/logsage/main.go:62.70,64.5 1 1
github.com/Urealaden/log-sage-temp/cmd/logsage/main.go:65.4,65.14 1 1
github.com/Urealaden/log-sage-temp/cmd/logsage/output.go:11.67,12.32 1 1
github.com/Urealaden/log-sage-temp/cmd/logsage/output.go:12.32,15.3 2 1
github.com/Urealaden/log-sage-temp/cmd/logsage/output.go:17.2,17.67 1 1
github.com/Urealaden/log-sage-temp/cmd/logsage/output.go:17.67,19.3 1 1
github.com/Urealaden/log-sage-temp/cmd/logsage/output.go:21.2,21.41 1 1
github.com/Urealaden/log-sage-temp/cmd/logsage/output.go:21.41,22.112 1 1
github.com/Urealaden/log-sage-temp/cmd/logsage/output.go:22.112,24.4 1 1
github.com/Urealaden/log-sage-temp/cmd/logsage/output.go:25.3,25.30 1 1
github.com/Urealaden/log-sage-temp/cmd/logsage/output.go:25.30,26.74 1 1
github.com/Urealaden/log-sage-temp/cmd/logsage/output.go:26.74,28.5 1 1
github.com/Urealaden/log-sage-temp/cmd/logsage/output.go:30.3,30.30 1 1
github.com/Urealaden/log-sage-temp/cmd/logsage/output.go:30.30,31.64 1 1
github.com/Urealaden/log-sage-temp/cmd/logsage/output.go:31.64,33.5 1 1
github.com/Urealaden/log-sage-temp/cmd/logsage/output.go:34.4,34.44 1 1
github.com/Urealaden/log-sage-temp/cmd/logsage/output.go:34.44,35.115 1 1
github.com/Urealaden/log-sage-temp/cmd/logsage/output.go:35.115,37.6 1 1
github.com/Urealaden/log-sage-temp/cmd/logsage/output.go:38.5,38.35 1 1
github.com/Urealaden/log-sage-temp/cmd/logsage/output.go:38.35,39.83 1 1
github.com/Urealaden/log-sage-temp/cmd/logsage/output.go:39.83,41.7 1 1
github.com/Urealaden/log-sage-temp/cmd/logsage/output.go:45.3,45.34 1 1
github.com/Urealaden/log-sage-temp/cmd/logsage/output.go:45.34,46.50 1 1
github.com/Urealaden/log-sage-temp/cmd/logsage/output.go:46.50,48.5 1 0
github.com/Urealaden/log-sage-temp/cmd/logsage/output.go:50.3,50.49 1 1
github.com/Urealaden/log-sage-temp/cmd/logsage/output.go:50.49,52.4 1 1
github.com/Urealaden/log-sage-temp/cmd/logsage/output.go:55.2,55.42 1 1
github.com/Urealaden/log-sage-temp/cmd/logsage/output.go:55.42,56.61 1 1
github.com/Urealaden/log-sage-temp/cmd/logsage/output.go:56.61,58.4 1 1
github.com/Urealaden/log-sage-temp/cmd/logsage/output.go:59.3,59.52 1 1
github.com/Urealaden/log-sage-temp/cmd/logsage/output.go:59.52,60.60 1 1
github.com/Urealaden/log-sage-temp/cmd/logsage/output.go:60.60,62.5 1 1
github.com/Urealaden/log-sage-temp/cmd/logsage/output.go:64.3,64.49 1 1
github.com/Urealaden/log-sage-temp/cmd/logsage/output.go:64.49,66.4 1 1
github.com/Urealaden/log-sage-temp/cmd/logsage/output.go:69.2,69.41 1 1
github.com/Urealaden/log-sage-temp/cmd/logsage/output.go:69.41,70.71 1 1
github.com/Urealaden/log-sage-temp/cmd/logsage/output.go:70.71,72.4 1 1
github.com/Urealaden/log-sage-temp/cmd/logsage/output.go:73.3,73.54 1 1
github.com/Urealaden/log-sage-temp/cmd/logsage/output.go:73.54,74.63 1 1
github.com/Urealaden/log-sage-temp/cmd/logsage/output.go:74.63,76.5 1 1
github.com/Urealaden/log-sage-temp/cmd/logsage/output.go:80.2,80.12 1 1
github.com/Urealaden/log-sage-temp/cmd/logsage/output.go:83.65,87.2 3 1
github.com/Urealaden/log-sage-temp/cmd/logsage/output.go:89.66,90.32 1 1
github.com/Urealaden/log-sage-temp/cmd/logsage/output.go:90.32,93.3 2 1
github.com/Urealaden/log-sage-temp/cmd/logsage/output.go:95.2,95.41 1 1
github.com/Urealaden/log-sage-temp/cmd/logsage/output.go:95.41,96.102 1 1
github.com/Urealaden/log-sage-temp/cmd/logsage/output.go:96.102,98.4 1 0
github.com/Urealaden/log-sage-temp/cmd/logsage/output.go:101.2,101.12 1 1
