mode: set
github.com/Urealaden/log-sage-temp/internal/engine/engine.go:20.19,22.2 1 1
github.com/Urealaden/log-sage-temp/internal/engine/engine.go:24.107,26.16 2 1
github.com/Urealaden/log-sage-temp/internal/engine/engine.go:26.16,28.3 1 1
github.com/Urealaden/log-sage-temp/internal/engine/engine.go:30.2,31.16 2 1
github.com/Urealaden/log-sage-temp/internal/engine/engine.go:31.16,33.3 1 0
github.com/Urealaden/log-sage-temp/internal/engine/engine.go:35.2,36.16 2 1
github.com/Urealaden/log-sage-temp/internal/engine/engine.go:36.16,38.3 1 0
github.com/Urealaden/log-sage-temp/internal/engine/engine.go:40.2,41.16 2 1
github.com/Urealaden/log-sage-temp/internal/engine/engine.go:41.16,43.3 1 0
github.com/Urealaden/log-sage-temp/internal/engine/engine.go:45.2,45.38 1 1
github.com/Urealaden/log-sage-temp/internal/engine/engine.go:50.103,52.16 2 1
github.com/Urealaden/log-sage-temp/internal/engine/engine.go:52.16,54.3 1 1
github.com/Urealaden/log-sage-temp/internal/engine/engine.go:56.2,56.36 1 1
github.com/Urealaden/log-sage-temp/internal/engine/engine.go:59.102,60.9 1 1
github.com/Urealaden/log-sage-temp/internal/engine/engine.go:61.20,62.38 1 1
github.com/Urealaden/log-sage-temp/internal/engine/engine.go:63.10,63.10 0 1
github.com/Urealaden/log-sage-temp/internal/engine/engine.go:66.2,67.48 2 1
github.com/Urealaden/log-sage-temp/internal/engine/engine.go:67.48,70.3 2 1
github.com/Urealaden/log-sage-temp/internal/engine/engine.go:72.2,72.77 1 1
github.com/Urealaden/log-sage-temp/internal/engine/engine.go:75.109,76.9 1 1
github.com/Urealaden/log-sage-temp/internal/engine/engine.go:77.20,78.24 1 1
github.com/Urealaden/log-sage-temp/internal/engine/engine.go:79.10,79.10 0 1
github.com/Urealaden/log-sage-temp/internal/engine/engine.go:82.2,82.49 1 1
github.com/Urealaden/log-sage-temp/internal/engine/engine.go:85.136,86.9 1 1
github.com/Urealaden/log-sage-temp/internal/engine/engine.go:87.20,88.24 1 1
github.com/Urealaden/log-sage-temp/internal/engine/engine.go:89.10,89.10 0 1
github.com/Urealaden/log-sage-temp/internal/engine/engine.go:92.2,99.39 7 1
github.com/Urealaden/log-sage-temp/internal/engine/engine.go:99.39,108.3 1 1
github.com/Urealaden/log-sage-temp/internal/engine/engine.go:110.2,110.20 1 1
github.com/Urealaden/log-sage-temp/internal/engine/engine.go:113.116,114.9 1 1
github.com/Urealaden/log-sage-temp/internal/engine/engine.go:115.20,116.24 1 1
github.com/Urealaden/log-sage-temp/internal/engine/engine.go:117.10,117.10 0 1
github.com/Urealaden/log-sage-temp/internal/engine/engine.go:120.2,127.8 3 1
